<?xml version="1.0" encoding="UTF-8"?>
<testng-results skipped="0" failed="5" ignored="0" total="18" passed="13">
  <reporter-output>
  </reporter-output>
  <suite name="FunctionalSuite" duration-ms="134965" started-at="2023-02-22T21:52:04Z" finished-at="2023-02-22T21:54:19Z">
    <groups>
    </groups>
    <test name="Test" duration-ms="134965" started-at="2023-02-22T21:52:04Z" finished-at="2023-02-22T21:54:19Z">
      <class name="testCases.Tc015_JavaScriptAlertsTest">
        <test-method status="PASS" signature="setup()[pri:0, instance:testCases.Tc015_JavaScriptAlertsTest@1c668e3]" name="setup" is-config="true" duration-ms="3897" started-at="2023-02-22T21:53:56Z" finished-at="2023-02-22T21:54:00Z">
          <reporter-output>
          </reporter-output>
        </test-method> <!-- setup -->
        <test-method status="FAIL" signature="JavaScriptAlertsTest()[pri:0, instance:testCases.Tc015_JavaScriptAlertsTest@1c668e3]" name="JavaScriptAlertsTest" duration-ms="26" started-at="2023-02-22T21:54:00Z" finished-at="2023-02-22T21:54:00Z">
          <exception class="org.openqa.selenium.NoAlertPresentException">
            <message>
              <![CDATA[no such alert
  (Session info: chrome=110.0.5481.104)
Build info: version: '3.141.59', revision: 'e82be7d358', time: '2018-11-14T08:17:03'
System info: host: 'DESKTOP-Q3OL5F5', ip: '192.168.2.19', os.name: 'Windows 11', os.arch: 'x86', os.version: '10.0', java.version: '1.8.0_341'
Driver info: org.openqa.selenium.chrome.ChromeDriver
Capabilities {acceptInsecureCerts: false, browserName: chrome, browserVersion: 110.0.5481.104, chrome: {chromedriverVersion: 110.0.5481.77 (65ed616c6e8e..., userDataDir: C:\Users\rarav\AppData\Loca...}, goog:chromeOptions: {debuggerAddress: localhost:54435}, javascriptEnabled: true, networkConnectionEnabled: false, pageLoadStrategy: normal, platform: WINDOWS, platformName: WINDOWS, proxy: Proxy(), setWindowRect: true, strictFileInteractability: false, timeouts: {implicit: 0, pageLoad: 300000, script: 30000}, unhandledPromptBehavior: dismiss and notify, webauthn:extension:credBlob: true, webauthn:extension:largeBlob: true, webauthn:virtualAuthenticators: true}
Session ID: 8429fc1c60fe7ed2f4d432eb7a61ef57]]>
            </message>
            <full-stacktrace>
              <![CDATA[org.openqa.selenium.NoAlertPresentException: no such alert
  (Session info: chrome=110.0.5481.104)
Build info: version: '3.141.59', revision: 'e82be7d358', time: '2018-11-14T08:17:03'
System info: host: 'DESKTOP-Q3OL5F5', ip: '192.168.2.19', os.name: 'Windows 11', os.arch: 'x86', os.version: '10.0', java.version: '1.8.0_341'
Driver info: org.openqa.selenium.chrome.ChromeDriver
Capabilities {acceptInsecureCerts: false, browserName: chrome, browserVersion: 110.0.5481.104, chrome: {chromedriverVersion: 110.0.5481.77 (65ed616c6e8e..., userDataDir: C:\Users\rarav\AppData\Loca...}, goog:chromeOptions: {debuggerAddress: localhost:54435}, javascriptEnabled: true, networkConnectionEnabled: false, pageLoadStrategy: normal, platform: WINDOWS, platformName: WINDOWS, proxy: Proxy(), setWindowRect: true, strictFileInteractability: false, timeouts: {implicit: 0, pageLoad: 300000, script: 30000}, unhandledPromptBehavior: dismiss and notify, webauthn:extension:credBlob: true, webauthn:extension:largeBlob: true, webauthn:virtualAuthenticators: true}
Session ID: 8429fc1c60fe7ed2f4d432eb7a61ef57
at sun.reflect.NativeConstructorAccessorImpl.newInstance0(Native Method)
at sun.reflect.NativeConstructorAccessorImpl.newInstance(Unknown Source)
at sun.reflect.DelegatingConstructorAccessorImpl.newInstance(Unknown Source)
at java.lang.reflect.Constructor.newInstance(Unknown Source)
at org.openqa.selenium.remote.http.W3CHttpResponseCodec.createException(W3CHttpResponseCodec.java:187)
at org.openqa.selenium.remote.http.W3CHttpResponseCodec.decode(W3CHttpResponseCodec.java:122)
at org.openqa.selenium.remote.http.W3CHttpResponseCodec.decode(W3CHttpResponseCodec.java:49)
at org.openqa.selenium.remote.HttpCommandExecutor.execute(HttpCommandExecutor.java:158)
at org.openqa.selenium.remote.service.DriverCommandExecutor.execute(DriverCommandExecutor.java:83)
at org.openqa.selenium.remote.RemoteWebDriver.execute(RemoteWebDriver.java:552)
at org.openqa.selenium.remote.RemoteWebDriver.execute(RemoteWebDriver.java:609)
at org.openqa.selenium.remote.RemoteWebDriver$RemoteTargetLocator.alert(RemoteWebDriver.java:932)
at baseClass.baseutils.HandlingAlert(baseutils.java:171)
at pageObjects.JavaScriptAlertsPage.JsAlert(JavaScriptAlertsPage.java:34)
at testCases.Tc015_JavaScriptAlertsTest.JavaScriptAlertsTest(Tc015_JavaScriptAlertsTest.java:29)
at sun.reflect.NativeMethodAccessorImpl.invoke0(Native Method)
at sun.reflect.NativeMethodAccessorImpl.invoke(Unknown Source)
at sun.reflect.DelegatingMethodAccessorImpl.invoke(Unknown Source)
at java.lang.reflect.Method.invoke(Unknown Source)
at org.testng.internal.MethodInvocationHelper.invokeMethod(MethodInvocationHelper.java:124)
at org.testng.internal.Invoker.invokeMethod(Invoker.java:583)
at org.testng.internal.Invoker.invokeTestMethod(Invoker.java:719)
at org.testng.internal.Invoker.invokeTestMethods(Invoker.java:989)
at org.testng.internal.TestMethodWorker.invokeTestMethods(TestMethodWorker.java:125)
at org.testng.internal.TestMethodWorker.run(TestMethodWorker.java:109)
at org.testng.TestRunner.privateRun(TestRunner.java:648)
at org.testng.TestRunner.run(TestRunner.java:505)
at org.testng.SuiteRunner.runTest(SuiteRunner.java:455)
at org.testng.SuiteRunner.runSequentially(SuiteRunner.java:450)
at org.testng.SuiteRunner.privateRun(SuiteRunner.java:415)
at org.testng.SuiteRunner.run(SuiteRunner.java:364)
at org.testng.SuiteRunnerWorker.runSuite(SuiteRunnerWorker.java:52)
at org.testng.SuiteRunnerWorker.run(SuiteRunnerWorker.java:84)
at org.testng.TestNG.runSuitesSequentially(TestNG.java:1208)
at org.testng.TestNG.runSuitesLocally(TestNG.java:1137)
at org.testng.TestNG.runSuites(TestNG.java:1049)
at org.testng.TestNG.run(TestNG.java:1017)
at org.apache.maven.surefire.testng.TestNGExecutor.run(TestNGExecutor.java:284)
at org.apache.maven.surefire.testng.TestNGXmlTestSuite.execute(TestNGXmlTestSuite.java:75)
at org.apache.maven.surefire.testng.TestNGProvider.invoke(TestNGProvider.java:119)
at org.apache.maven.surefire.booter.ForkedBooter.runSuitesInProcess(ForkedBooter.java:428)
at org.apache.maven.surefire.booter.ForkedBooter.execute(ForkedBooter.java:162)
at org.apache.maven.surefire.booter.ForkedBooter.run(ForkedBooter.java:562)
at org.apache.maven.surefire.booter.ForkedBooter.main(ForkedBooter.java:548)
]]>
            </full-stacktrace>
          </exception> <!-- org.openqa.selenium.NoAlertPresentException -->
          <reporter-output>
          </reporter-output>
        </test-method> <!-- JavaScriptAlertsTest -->
      </class> <!-- testCases.Tc015_JavaScriptAlertsTest -->
      <class name="testCases.Tc002_LoginFailure">
        <test-method status="PASS" signature="setup()[pri:0, instance:testCases.Tc002_LoginFailure@14a5a98]" name="setup" is-config="true" duration-ms="2313" started-at="2023-02-22T21:52:08Z" finished-at="2023-02-22T21:52:11Z">
          <reporter-output>
          </reporter-output>
        </test-method> <!-- setup -->
        <test-method status="PASS" signature="LoginFailure()[pri:0, instance:testCases.Tc002_LoginFailure@14a5a98]" name="LoginFailure" duration-ms="860" started-at="2023-02-22T21:52:11Z" finished-at="2023-02-22T21:52:11Z">
          <reporter-output>
          </reporter-output>
        </test-method> <!-- LoginFailure -->
      </class> <!-- testCases.Tc002_LoginFailure -->
      <class name="testCases.Tc014_MouseHoverTest">
        <test-method status="PASS" signature="setup()[pri:0, instance:testCases.Tc014_MouseHoverTest@1dbe764]" name="setup" is-config="true" duration-ms="2482" started-at="2023-02-22T21:53:52Z" finished-at="2023-02-22T21:53:55Z">
          <reporter-output>
          </reporter-output>
        </test-method> <!-- setup -->
        <test-method status="PASS" signature="MouseHoverTest()[pri:0, instance:testCases.Tc014_MouseHoverTest@1dbe764]" name="MouseHoverTest" duration-ms="1294" started-at="2023-02-22T21:53:55Z" finished-at="2023-02-22T21:53:56Z">
          <reporter-output>
          </reporter-output>
        </test-method> <!-- MouseHoverTest -->
      </class> <!-- testCases.Tc014_MouseHoverTest -->
      <class name="testCases.Tc010_FileDownloaderTest">
        <test-method status="PASS" signature="setup()[pri:0, instance:testCases.Tc010_FileDownloaderTest@3967ea]" name="setup" is-config="true" duration-ms="1840" started-at="2023-02-22T21:53:40Z" finished-at="2023-02-22T21:53:42Z">
          <reporter-output>
          </reporter-output>
        </test-method> <!-- setup -->
        <test-method status="PASS" signature="FileDownloaderTest()[pri:0, instance:testCases.Tc010_FileDownloaderTest@3967ea]" name="FileDownloaderTest" duration-ms="349" started-at="2023-02-22T21:53:42Z" finished-at="2023-02-22T21:53:42Z">
          <reporter-output>
          </reporter-output>
        </test-method> <!-- FileDownloaderTest -->
      </class> <!-- testCases.Tc010_FileDownloaderTest -->
      <class name="testCases.Tc018_NotificationMessageTest">
        <test-method status="PASS" signature="setup()[pri:0, instance:testCases.Tc018_NotificationMessageTest@719fb6]" name="setup" is-config="true" duration-ms="3085" started-at="2023-02-22T21:54:14Z" finished-at="2023-02-22T21:54:17Z">
          <reporter-output>
          </reporter-output>
        </test-method> <!-- setup -->
        <test-method status="PASS" signature="NotificationMessageTest()[pri:0, instance:testCases.Tc018_NotificationMessageTest@719fb6]" name="NotificationMessageTest" duration-ms="2384" started-at="2023-02-22T21:54:17Z" finished-at="2023-02-22T21:54:19Z">
          <reporter-output>
          </reporter-output>
        </test-method> <!-- NotificationMessageTest -->
      </class> <!-- testCases.Tc018_NotificationMessageTest -->
      <class name="testCases.Tc012_FloatingMenuTest">
        <test-method status="PASS" signature="setup()[pri:0, instance:testCases.Tc012_FloatingMenuTest@15650ae]" name="setup" is-config="true" duration-ms="2254" started-at="2023-02-22T21:53:46Z" finished-at="2023-02-22T21:53:48Z">
          <reporter-output>
          </reporter-output>
        </test-method> <!-- setup -->
        <test-method status="PASS" signature="FloatingMenuTest()[pri:0, instance:testCases.Tc012_FloatingMenuTest@15650ae]" name="FloatingMenuTest" duration-ms="652" started-at="2023-02-22T21:53:48Z" finished-at="2023-02-22T21:53:49Z">
          <reporter-output>
          </reporter-output>
        </test-method> <!-- FloatingMenuTest -->
      </class> <!-- testCases.Tc012_FloatingMenuTest -->
      <class name="testCases.Tc008_DynamicControlTest">
        <test-method status="PASS" signature="setup()[pri:0, instance:testCases.Tc008_DynamicControlTest@16d5deb]" name="setup" is-config="true" duration-ms="5889" started-at="2023-02-22T21:52:40Z" finished-at="2023-02-22T21:52:45Z">
          <reporter-output>
          </reporter-output>
        </test-method> <!-- setup -->
        <test-method status="PASS" signature="DynamicControlRemoveAdd()[pri:0, instance:testCases.Tc008_DynamicControlTest@16d5deb]" name="DynamicControlRemoveAdd" duration-ms="17377" started-at="2023-02-22T21:52:45Z" finished-at="2023-02-22T21:53:03Z">
          <reporter-output>
          </reporter-output>
        </test-method> <!-- DynamicControlRemoveAdd -->
      </class> <!-- testCases.Tc008_DynamicControlTest -->
      <class name="testCases.Tc004_contextMenu">
        <test-method status="PASS" signature="setup()[pri:0, instance:testCases.Tc004_contextMenu@bd273d]" name="setup" is-config="true" duration-ms="2846" started-at="2023-02-22T21:52:14Z" finished-at="2023-02-22T21:52:17Z">
          <reporter-output>
          </reporter-output>
        </test-method> <!-- setup -->
        <test-method status="FAIL" signature="contextMenu()[pri:0, instance:testCases.Tc004_contextMenu@bd273d]" name="contextMenu" duration-ms="225" started-at="2023-02-22T21:52:17Z" finished-at="2023-02-22T21:52:17Z">
          <exception class="org.openqa.selenium.UnhandledAlertException">
            <message>
              <![CDATA[unexpected alert open: {Alert text : You selected a context menu}
  (Session info: chrome=110.0.5481.104): You selected a context menu
Build info: version: '3.141.59', revision: 'e82be7d358', time: '2018-11-14T08:17:03'
System info: host: 'DESKTOP-Q3OL5F5', ip: '192.168.2.19', os.name: 'Windows 11', os.arch: 'x86', os.version: '10.0', java.version: '1.8.0_341'
Driver info: org.openqa.selenium.chrome.ChromeDriver
Capabilities {acceptInsecureCerts: false, browserName: chrome, browserVersion: 110.0.5481.104, chrome: {chromedriverVersion: 110.0.5481.77 (65ed616c6e8e..., userDataDir: C:\Users\rarav\AppData\Loca...}, goog:chromeOptions: {debuggerAddress: localhost:54077}, javascriptEnabled: true, networkConnectionEnabled: false, pageLoadStrategy: normal, platform: WINDOWS, platformName: WINDOWS, proxy: Proxy(), setWindowRect: true, strictFileInteractability: false, timeouts: {implicit: 0, pageLoad: 300000, script: 30000}, unhandledPromptBehavior: dismiss and notify, webauthn:extension:credBlob: true, webauthn:extension:largeBlob: true, webauthn:virtualAuthenticators: true}
Session ID: 479bc835e8bd4379830d6825a23edd25]]>
            </message>
            <full-stacktrace>
              <![CDATA[org.openqa.selenium.UnhandledAlertException: unexpected alert open: {Alert text : You selected a context menu}
  (Session info: chrome=110.0.5481.104): You selected a context menu
Build info: version: '3.141.59', revision: 'e82be7d358', time: '2018-11-14T08:17:03'
System info: host: 'DESKTOP-Q3OL5F5', ip: '192.168.2.19', os.name: 'Windows 11', os.arch: 'x86', os.version: '10.0', java.version: '1.8.0_341'
Driver info: org.openqa.selenium.chrome.ChromeDriver
Capabilities {acceptInsecureCerts: false, browserName: chrome, browserVersion: 110.0.5481.104, chrome: {chromedriverVersion: 110.0.5481.77 (65ed616c6e8e..., userDataDir: C:\Users\rarav\AppData\Loca...}, goog:chromeOptions: {debuggerAddress: localhost:54077}, javascriptEnabled: true, networkConnectionEnabled: false, pageLoadStrategy: normal, platform: WINDOWS, platformName: WINDOWS, proxy: Proxy(), setWindowRect: true, strictFileInteractability: false, timeouts: {implicit: 0, pageLoad: 300000, script: 30000}, unhandledPromptBehavior: dismiss and notify, webauthn:extension:credBlob: true, webauthn:extension:largeBlob: true, webauthn:virtualAuthenticators: true}
Session ID: 479bc835e8bd4379830d6825a23edd25
at org.openqa.selenium.remote.http.W3CHttpResponseCodec.decode(W3CHttpResponseCodec.java:120)
at org.openqa.selenium.remote.http.W3CHttpResponseCodec.decode(W3CHttpResponseCodec.java:49)
at org.openqa.selenium.remote.HttpCommandExecutor.execute(HttpCommandExecutor.java:158)
at org.openqa.selenium.remote.service.DriverCommandExecutor.execute(DriverCommandExecutor.java:83)
at org.openqa.selenium.remote.RemoteWebDriver.execute(RemoteWebDriver.java:552)
at org.openqa.selenium.remote.RemoteWebDriver.execute(RemoteWebDriver.java:609)
at org.openqa.selenium.remote.RemoteWebDriver.getScreenshotAs(RemoteWebDriver.java:295)
at baseClass.baseutils.captureSrceenshot(baseutils.java:50)
at testCases.Tc004_contextMenu.contextMenu(Tc004_contextMenu.java:33)
at sun.reflect.NativeMethodAccessorImpl.invoke0(Native Method)
at sun.reflect.NativeMethodAccessorImpl.invoke(Unknown Source)
at sun.reflect.DelegatingMethodAccessorImpl.invoke(Unknown Source)
at java.lang.reflect.Method.invoke(Unknown Source)
at org.testng.internal.MethodInvocationHelper.invokeMethod(MethodInvocationHelper.java:124)
at org.testng.internal.Invoker.invokeMethod(Invoker.java:583)
at org.testng.internal.Invoker.invokeTestMethod(Invoker.java:719)
at org.testng.internal.Invoker.invokeTestMethods(Invoker.java:989)
at org.testng.internal.TestMethodWorker.invokeTestMethods(TestMethodWorker.java:125)
at org.testng.internal.TestMethodWorker.run(TestMethodWorker.java:109)
at org.testng.TestRunner.privateRun(TestRunner.java:648)
at org.testng.TestRunner.run(TestRunner.java:505)
at org.testng.SuiteRunner.runTest(SuiteRunner.java:455)
at org.testng.SuiteRunner.runSequentially(SuiteRunner.java:450)
at org.testng.SuiteRunner.privateRun(SuiteRunner.java:415)
at org.testng.SuiteRunner.run(SuiteRunner.java:364)
at org.testng.SuiteRunnerWorker.runSuite(SuiteRunnerWorker.java:52)
at org.testng.SuiteRunnerWorker.run(SuiteRunnerWorker.java:84)
at org.testng.TestNG.runSuitesSequentially(TestNG.java:1208)
at org.testng.TestNG.runSuitesLocally(TestNG.java:1137)
at org.testng.TestNG.runSuites(TestNG.java:1049)
at org.testng.TestNG.run(TestNG.java:1017)
at org.apache.maven.surefire.testng.TestNGExecutor.run(TestNGExecutor.java:284)
at org.apache.maven.surefire.testng.TestNGXmlTestSuite.execute(TestNGXmlTestSuite.java:75)
at org.apache.maven.surefire.testng.TestNGProvider.invoke(TestNGProvider.java:119)
at org.apache.maven.surefire.booter.ForkedBooter.runSuitesInProcess(ForkedBooter.java:428)
at org.apache.maven.surefire.booter.ForkedBooter.execute(ForkedBooter.java:162)
at org.apache.maven.surefire.booter.ForkedBooter.run(ForkedBooter.java:562)
at org.apache.maven.surefire.booter.ForkedBooter.main(ForkedBooter.java:548)
]]>
            </full-stacktrace>
          </exception> <!-- org.openqa.selenium.UnhandledAlertException -->
          <reporter-output>
          </reporter-output>
        </test-method> <!-- contextMenu -->
      </class> <!-- testCases.Tc004_contextMenu -->
      <class name="testCases.Tc013_iframeTest">
        <test-method status="PASS" signature="setup()[pri:0, instance:testCases.Tc013_iframeTest@38c7fe]" name="setup" is-config="true" duration-ms="2895" started-at="2023-02-22T21:53:49Z" finished-at="2023-02-22T21:53:52Z">
          <reporter-output>
          </reporter-output>
        </test-method> <!-- setup -->
        <test-method status="PASS" signature="iframeTest()[pri:0, instance:testCases.Tc013_iframeTest@38c7fe]" name="iframeTest" duration-ms="727" started-at="2023-02-22T21:53:52Z" finished-at="2023-02-22T21:53:52Z">
          <reporter-output>
          </reporter-output>
        </test-method> <!-- iframeTest -->
      </class> <!-- testCases.Tc013_iframeTest -->
      <class name="testCases.Tc006_DropDownTest">
        <test-method status="PASS" signature="setup()[pri:0, instance:testCases.Tc006_DropDownTest@10c12b7]" name="setup" is-config="true" duration-ms="3710" started-at="2023-02-22T21:52:22Z" finished-at="2023-02-22T21:52:25Z">
          <reporter-output>
          </reporter-output>
        </test-method> <!-- setup -->
        <test-method status="PASS" signature="DropDownTest()[pri:0, instance:testCases.Tc006_DropDownTest@10c12b7]" name="DropDownTest" duration-ms="6004" started-at="2023-02-22T21:52:25Z" finished-at="2023-02-22T21:52:31Z">
          <reporter-output>
          </reporter-output>
        </test-method> <!-- DropDownTest -->
      </class> <!-- testCases.Tc006_DropDownTest -->
      <class name="testCases.Tc005_dragDropTest">
        <test-method status="PASS" signature="setup()[pri:0, instance:testCases.Tc005_dragDropTest@1314f7]" name="setup" is-config="true" duration-ms="2477" started-at="2023-02-22T21:52:17Z" finished-at="2023-02-22T21:52:20Z">
          <reporter-output>
          </reporter-output>
        </test-method> <!-- setup -->
        <test-method status="PASS" signature="dragDropTest()[pri:0, instance:testCases.Tc005_dragDropTest@1314f7]" name="dragDropTest" duration-ms="1914" started-at="2023-02-22T21:52:20Z" finished-at="2023-02-22T21:52:22Z">
          <reporter-output>
          </reporter-output>
        </test-method> <!-- dragDropTest -->
      </class> <!-- testCases.Tc005_dragDropTest -->
      <class name="testCases.Tc001_LoginSuccess">
        <test-method status="PASS" signature="setup()[pri:0, instance:testCases.Tc001_LoginSuccess@45133e]" name="setup" is-config="true" duration-ms="3073" started-at="2023-02-22T21:52:04Z" finished-at="2023-02-22T21:52:07Z">
          <reporter-output>
          </reporter-output>
        </test-method> <!-- setup -->
        <test-method status="PASS" signature="LoginSuccess()[pri:0, instance:testCases.Tc001_LoginSuccess@45133e]" name="LoginSuccess" duration-ms="823" started-at="2023-02-22T21:52:07Z" finished-at="2023-02-22T21:52:08Z">
          <reporter-output>
          </reporter-output>
        </test-method> <!-- LoginSuccess -->
      </class> <!-- testCases.Tc001_LoginSuccess -->
      <class name="testCases.Tc016_JavaSriptErrorTest">
        <test-method status="PASS" signature="setup()[pri:0, instance:testCases.Tc016_JavaSriptErrorTest@6a8155]" name="setup" is-config="true" duration-ms="4650" started-at="2023-02-22T21:54:00Z" finished-at="2023-02-22T21:54:05Z">
          <reporter-output>
          </reporter-output>
        </test-method> <!-- setup -->
        <test-method status="FAIL" signature="JavaSriptErrorTest()[pri:0, instance:testCases.Tc016_JavaSriptErrorTest@6a8155]" name="JavaSriptErrorTest" duration-ms="276" started-at="2023-02-22T21:54:05Z" finished-at="2023-02-22T21:54:05Z">
          <exception class="java.lang.AssertionError">
            <message>
              <![CDATA[expected [Cannot read property 'xyz' of undefined.] but found [This page has a JavaScript error in the onload event. This is often a problem to using normal Javascript injection techniques.]]]>
            </message>
            <full-stacktrace>
              <![CDATA[java.lang.AssertionError: expected [Cannot read property 'xyz' of undefined.] but found [This page has a JavaScript error in the onload event. This is often a problem to using normal Javascript injection techniques.]
at org.testng.Assert.fail(Assert.java:96)
at org.testng.Assert.failNotEquals(Assert.java:776)
at org.testng.Assert.assertEqualsImpl(Assert.java:137)
at org.testng.Assert.assertEquals(Assert.java:118)
at org.testng.Assert.assertEquals(Assert.java:453)
at org.testng.Assert.assertEquals(Assert.java:463)
at testCases.Tc016_JavaSriptErrorTest.JavaSriptErrorTest(Tc016_JavaSriptErrorTest.java:30)
at sun.reflect.NativeMethodAccessorImpl.invoke0(Native Method)
at sun.reflect.NativeMethodAccessorImpl.invoke(Unknown Source)
at sun.reflect.DelegatingMethodAccessorImpl.invoke(Unknown Source)
at java.lang.reflect.Method.invoke(Unknown Source)
at org.testng.internal.MethodInvocationHelper.invokeMethod(MethodInvocationHelper.java:124)
at org.testng.internal.Invoker.invokeMethod(Invoker.java:583)
at org.testng.internal.Invoker.invokeTestMethod(Invoker.java:719)
at org.testng.internal.Invoker.invokeTestMethods(Invoker.java:989)
at org.testng.internal.TestMethodWorker.invokeTestMethods(TestMethodWorker.java:125)
at org.testng.internal.TestMethodWorker.run(TestMethodWorker.java:109)
at org.testng.TestRunner.privateRun(TestRunner.java:648)
at org.testng.TestRunner.run(TestRunner.java:505)
at org.testng.SuiteRunner.runTest(SuiteRunner.java:455)
at org.testng.SuiteRunner.runSequentially(SuiteRunner.java:450)
at org.testng.SuiteRunner.privateRun(SuiteRunner.java:415)
at org.testng.SuiteRunner.run(SuiteRunner.java:364)
at org.testng.SuiteRunnerWorker.runSuite(SuiteRunnerWorker.java:52)
at org.testng.SuiteRunnerWorker.run(SuiteRunnerWorker.java:84)
at org.testng.TestNG.runSuitesSequentially(TestNG.java:1208)
at org.testng.TestNG.runSuitesLocally(TestNG.java:1137)
at org.testng.TestNG.runSuites(TestNG.java:1049)
at org.testng.TestNG.run(TestNG.java:1017)
at org.apache.maven.surefire.testng.TestNGExecutor.run(TestNGExecutor.java:284)
at org.apache.maven.surefire.testng.TestNGXmlTestSuite.execute(TestNGXmlTestSuite.java:75)
at org.apache.maven.surefire.testng.TestNGProvider.invoke(TestNGProvider.java:119)
at org.apache.maven.surefire.booter.ForkedBooter.runSuitesInProcess(ForkedBooter.java:428)
at org.apache.maven.surefire.booter.ForkedBooter.execute(ForkedBooter.java:162)
at org.apache.maven.surefire.booter.ForkedBooter.run(ForkedBooter.java:562)
at org.apache.maven.surefire.booter.ForkedBooter.main(ForkedBooter.java:548)
]]>
            </full-stacktrace>
          </exception> <!-- java.lang.AssertionError -->
          <reporter-output>
          </reporter-output>
        </test-method> <!-- JavaSriptErrorTest -->
      </class> <!-- testCases.Tc016_JavaSriptErrorTest -->
      <class name="testCases.Tc003_Checkboxes">
        <test-method status="PASS" signature="setup()[pri:0, instance:testCases.Tc003_Checkboxes@180542f]" name="setup" is-config="true" duration-ms="2180" started-at="2023-02-22T21:52:11Z" finished-at="2023-02-22T21:52:14Z">
          <reporter-output>
          </reporter-output>
        </test-method> <!-- setup -->
        <test-method status="PASS" signature="checkbox()[pri:0, instance:testCases.Tc003_Checkboxes@180542f]" name="checkbox" duration-ms="578" started-at="2023-02-22T21:52:14Z" finished-at="2023-02-22T21:52:14Z">
          <reporter-output>
          </reporter-output>
        </test-method> <!-- checkbox -->
      </class> <!-- testCases.Tc003_Checkboxes -->
      <class name="testCases.Tc009_DynamicLoadTest">
        <test-method status="PASS" signature="setup()[pri:0, instance:testCases.Tc009_DynamicLoadTest@1534f5d]" name="setup" is-config="true" duration-ms="6326" started-at="2023-02-22T21:53:03Z" finished-at="2023-02-22T21:53:09Z">
          <reporter-output>
          </reporter-output>
        </test-method> <!-- setup -->
        <test-method status="FAIL" signature="DynamicLoadTest()[pri:0, instance:testCases.Tc009_DynamicLoadTest@1534f5d]" name="DynamicLoadTest" duration-ms="30586" started-at="2023-02-22T21:53:09Z" finished-at="2023-02-22T21:53:40Z">
          <exception class="org.openqa.selenium.NoSuchWindowException">
            <message>
              <![CDATA[no such window: target window already closed
from unknown error: web view not found
  (Session info: chrome=110.0.5481.104)
Build info: version: '3.141.59', revision: 'e82be7d358', time: '2018-11-14T08:17:03'
System info: host: 'DESKTOP-Q3OL5F5', ip: '192.168.2.19', os.name: 'Windows 11', os.arch: 'x86', os.version: '10.0', java.version: '1.8.0_341'
Driver info: org.openqa.selenium.chrome.ChromeDriver
Capabilities {acceptInsecureCerts: false, browserName: chrome, browserVersion: 110.0.5481.104, chrome: {chromedriverVersion: 110.0.5481.77 (65ed616c6e8e..., userDataDir: C:\Users\rarav\AppData\Loca...}, goog:chromeOptions: {debuggerAddress: localhost:54282}, javascriptEnabled: true, networkConnectionEnabled: false, pageLoadStrategy: normal, platform: WINDOWS, platformName: WINDOWS, proxy: Proxy(), setWindowRect: true, strictFileInteractability: false, timeouts: {implicit: 0, pageLoad: 300000, script: 30000}, unhandledPromptBehavior: dismiss and notify, webauthn:extension:credBlob: true, webauthn:extension:largeBlob: true, webauthn:virtualAuthenticators: true}
Session ID: 200872df20e360ac149fa13d1b006ea0
*** Element info: {Using=xpath, value=//div[@id='finish']}]]>
            </message>
            <full-stacktrace>
              <![CDATA[org.openqa.selenium.NoSuchWindowException: no such window: target window already closed
from unknown error: web view not found
  (Session info: chrome=110.0.5481.104)
Build info: version: '3.141.59', revision: 'e82be7d358', time: '2018-11-14T08:17:03'
System info: host: 'DESKTOP-Q3OL5F5', ip: '192.168.2.19', os.name: 'Windows 11', os.arch: 'x86', os.version: '10.0', java.version: '1.8.0_341'
Driver info: org.openqa.selenium.chrome.ChromeDriver
Capabilities {acceptInsecureCerts: false, browserName: chrome, browserVersion: 110.0.5481.104, chrome: {chromedriverVersion: 110.0.5481.77 (65ed616c6e8e..., userDataDir: C:\Users\rarav\AppData\Loca...}, goog:chromeOptions: {debuggerAddress: localhost:54282}, javascriptEnabled: true, networkConnectionEnabled: false, pageLoadStrategy: normal, platform: WINDOWS, platformName: WINDOWS, proxy: Proxy(), setWindowRect: true, strictFileInteractability: false, timeouts: {implicit: 0, pageLoad: 300000, script: 30000}, unhandledPromptBehavior: dismiss and notify, webauthn:extension:credBlob: true, webauthn:extension:largeBlob: true, webauthn:virtualAuthenticators: true}
Session ID: 200872df20e360ac149fa13d1b006ea0
*** Element info: {Using=xpath, value=//div[@id='finish']}
at sun.reflect.GeneratedConstructorAccessor25.newInstance(Unknown Source)
at sun.reflect.DelegatingConstructorAccessorImpl.newInstance(Unknown Source)
at java.lang.reflect.Constructor.newInstance(Unknown Source)
at org.openqa.selenium.remote.http.W3CHttpResponseCodec.createException(W3CHttpResponseCodec.java:187)
at org.openqa.selenium.remote.http.W3CHttpResponseCodec.decode(W3CHttpResponseCodec.java:122)
at org.openqa.selenium.remote.http.W3CHttpResponseCodec.decode(W3CHttpResponseCodec.java:49)
at org.openqa.selenium.remote.HttpCommandExecutor.execute(HttpCommandExecutor.java:158)
at org.openqa.selenium.remote.service.DriverCommandExecutor.execute(DriverCommandExecutor.java:83)
at org.openqa.selenium.remote.RemoteWebDriver.execute(RemoteWebDriver.java:552)
at org.openqa.selenium.remote.RemoteWebDriver.findElement(RemoteWebDriver.java:323)
at org.openqa.selenium.remote.RemoteWebDriver.findElementByXPath(RemoteWebDriver.java:428)
at org.openqa.selenium.By$ByXPath.findElement(By.java:353)
at org.openqa.selenium.remote.RemoteWebDriver.findElement(RemoteWebDriver.java:315)
at org.openqa.selenium.support.pagefactory.DefaultElementLocator.findElement(DefaultElementLocator.java:69)
at org.openqa.selenium.support.pagefactory.internal.LocatingElementHandler.invoke(LocatingElementHandler.java:38)
at com.sun.proxy.$Proxy10.toString(Unknown Source)
at java.lang.String.valueOf(Unknown Source)
at java.lang.StringBuilder.append(Unknown Source)
at org.openqa.selenium.support.ui.ExpectedConditions$10.toString(ExpectedConditions.java:305)
at java.lang.String.valueOf(Unknown Source)
at java.lang.StringBuilder.append(Unknown Source)
at org.openqa.selenium.support.ui.FluentWait.until(FluentWait.java:268)
at baseClass.baseutils.waitForElement(baseutils.java:159)
at pageObjects.DynamicLoadPage.dynamicLoad(DynamicLoadPage.java:34)
at testCases.Tc009_DynamicLoadTest.DynamicLoadTest(Tc009_DynamicLoadTest.java:30)
at sun.reflect.NativeMethodAccessorImpl.invoke0(Native Method)
at sun.reflect.NativeMethodAccessorImpl.invoke(Unknown Source)
at sun.reflect.DelegatingMethodAccessorImpl.invoke(Unknown Source)
at java.lang.reflect.Method.invoke(Unknown Source)
at org.testng.internal.MethodInvocationHelper.invokeMethod(MethodInvocationHelper.java:124)
at org.testng.internal.Invoker.invokeMethod(Invoker.java:583)
at org.testng.internal.Invoker.invokeTestMethod(Invoker.java:719)
at org.testng.internal.Invoker.invokeTestMethods(Invoker.java:989)
at org.testng.internal.TestMethodWorker.invokeTestMethods(TestMethodWorker.java:125)
at org.testng.internal.TestMethodWorker.run(TestMethodWorker.java:109)
at org.testng.TestRunner.privateRun(TestRunner.java:648)
at org.testng.TestRunner.run(TestRunner.java:505)
at org.testng.SuiteRunner.runTest(SuiteRunner.java:455)
at org.testng.SuiteRunner.runSequentially(SuiteRunner.java:450)
at org.testng.SuiteRunner.privateRun(SuiteRunner.java:415)
at org.testng.SuiteRunner.run(SuiteRunner.java:364)
at org.testng.SuiteRunnerWorker.runSuite(SuiteRunnerWorker.java:52)
at org.testng.SuiteRunnerWorker.run(SuiteRunnerWorker.java:84)
at org.testng.TestNG.runSuitesSequentially(TestNG.java:1208)
at org.testng.TestNG.runSuitesLocally(TestNG.java:1137)
at org.testng.TestNG.runSuites(TestNG.java:1049)
at org.testng.TestNG.run(TestNG.java:1017)
at org.apache.maven.surefire.testng.TestNGExecutor.run(TestNGExecutor.java:284)
at org.apache.maven.surefire.testng.TestNGXmlTestSuite.execute(TestNGXmlTestSuite.java:75)
at org.apache.maven.surefire.testng.TestNGProvider.invoke(TestNGProvider.java:119)
at org.apache.maven.surefire.booter.ForkedBooter.runSuitesInProcess(ForkedBooter.java:428)
at org.apache.maven.surefire.booter.ForkedBooter.execute(ForkedBooter.java:162)
at org.apache.maven.surefire.booter.ForkedBooter.run(ForkedBooter.java:562)
at org.apache.maven.surefire.booter.ForkedBooter.main(ForkedBooter.java:548)
]]>
            </full-stacktrace>
          </exception> <!-- org.openqa.selenium.NoSuchWindowException -->
          <reporter-output>
          </reporter-output>
        </test-method> <!-- DynamicLoadTest -->
      </class> <!-- testCases.Tc009_DynamicLoadTest -->
      <class name="testCases.Tc007_DynamicContentTest">
        <test-method status="PASS" signature="setup()[pri:0, instance:testCases.Tc007_DynamicContentTest@600dd5]" name="setup" is-config="true" duration-ms="4710" started-at="2023-02-22T21:52:31Z" finished-at="2023-02-22T21:52:36Z">
          <reporter-output>
          </reporter-output>
        </test-method> <!-- setup -->
        <test-method status="FAIL" signature="DynamicContentTest1()[pri:0, instance:testCases.Tc007_DynamicContentTest@600dd5]" name="DynamicContentTest1" duration-ms="3429" started-at="2023-02-22T21:52:36Z" finished-at="2023-02-22T21:52:40Z">
          <exception class="java.lang.AssertionError">
            <message>
              <![CDATA[Content matches before and after refresh expected [false] but found [true]]]>
            </message>
            <full-stacktrace>
              <![CDATA[java.lang.AssertionError: Content matches before and after refresh expected [false] but found [true]
at org.testng.Assert.fail(Assert.java:96)
at org.testng.Assert.failNotEquals(Assert.java:776)
at org.testng.Assert.assertFalse(Assert.java:65)
at testCases.Tc007_DynamicContentTest.DynamicContentTest1(Tc007_DynamicContentTest.java:41)
at sun.reflect.NativeMethodAccessorImpl.invoke0(Native Method)
at sun.reflect.NativeMethodAccessorImpl.invoke(Unknown Source)
at sun.reflect.DelegatingMethodAccessorImpl.invoke(Unknown Source)
at java.lang.reflect.Method.invoke(Unknown Source)
at org.testng.internal.MethodInvocationHelper.invokeMethod(MethodInvocationHelper.java:124)
at org.testng.internal.Invoker.invokeMethod(Invoker.java:583)
at org.testng.internal.Invoker.invokeTestMethod(Invoker.java:719)
at org.testng.internal.Invoker.invokeTestMethods(Invoker.java:989)
at org.testng.internal.TestMethodWorker.invokeTestMethods(TestMethodWorker.java:125)
at org.testng.internal.TestMethodWorker.run(TestMethodWorker.java:109)
at org.testng.TestRunner.privateRun(TestRunner.java:648)
at org.testng.TestRunner.run(TestRunner.java:505)
at org.testng.SuiteRunner.runTest(SuiteRunner.java:455)
at org.testng.SuiteRunner.runSequentially(SuiteRunner.java:450)
at org.testng.SuiteRunner.privateRun(SuiteRunner.java:415)
at org.testng.SuiteRunner.run(SuiteRunner.java:364)
at org.testng.SuiteRunnerWorker.runSuite(SuiteRunnerWorker.java:52)
at org.testng.SuiteRunnerWorker.run(SuiteRunnerWorker.java:84)
at org.testng.TestNG.runSuitesSequentially(TestNG.java:1208)
at org.testng.TestNG.runSuitesLocally(TestNG.java:1137)
at org.testng.TestNG.runSuites(TestNG.java:1049)
at org.testng.TestNG.run(TestNG.java:1017)
at org.apache.maven.surefire.testng.TestNGExecutor.run(TestNGExecutor.java:284)
at org.apache.maven.surefire.testng.TestNGXmlTestSuite.execute(TestNGXmlTestSuite.java:75)
at org.apache.maven.surefire.testng.TestNGProvider.invoke(TestNGProvider.java:119)
at org.apache.maven.surefire.booter.ForkedBooter.runSuitesInProcess(ForkedBooter.java:428)
at org.apache.maven.surefire.booter.ForkedBooter.execute(ForkedBooter.java:162)
at org.apache.maven.surefire.booter.ForkedBooter.run(ForkedBooter.java:562)
at org.apache.maven.surefire.booter.ForkedBooter.main(ForkedBooter.java:548)
]]>
            </full-stacktrace>
          </exception> <!-- java.lang.AssertionError -->
          <reporter-output>
          </reporter-output>
        </test-method> <!-- DynamicContentTest1 -->
      </class> <!-- testCases.Tc007_DynamicContentTest -->
      <class name="testCases.Tc017_windowsTest">
        <test-method status="PASS" signature="setup()[pri:0, instance:testCases.Tc017_windowsTest@21a451]" name="setup" is-config="true" duration-ms="7657" started-at="2023-02-22T21:54:05Z" finished-at="2023-02-22T21:54:13Z">
          <reporter-output>
          </reporter-output>
        </test-method> <!-- setup -->
        <test-method status="PASS" signature="windowsTest()[pri:0, instance:testCases.Tc017_windowsTest@21a451]" name="windowsTest" duration-ms="1232" started-at="2023-02-22T21:54:13Z" finished-at="2023-02-22T21:54:14Z">
          <reporter-output>
          </reporter-output>
        </test-method> <!-- windowsTest -->
      </class> <!-- testCases.Tc017_windowsTest -->
      <class name="testCases.Tc011_FileUploadTest">
        <test-method status="PASS" signature="setup()[pri:0, instance:testCases.Tc011_FileUploadTest@e9c95d]" name="setup" is-config="true" duration-ms="3034" started-at="2023-02-22T21:53:42Z" finished-at="2023-02-22T21:53:45Z">
          <reporter-output>
          </reporter-output>
        </test-method> <!-- setup -->
        <test-method status="PASS" signature="FileUploadTest()[pri:0, instance:testCases.Tc011_FileUploadTest@e9c95d]" name="FileUploadTest" duration-ms="689" started-at="2023-02-22T21:53:45Z" finished-at="2023-02-22T21:53:46Z">
          <reporter-output>
          </reporter-output>
        </test-method> <!-- FileUploadTest -->
      </class> <!-- testCases.Tc011_FileUploadTest -->
    </test> <!-- Test -->
  </suite> <!-- FunctionalSuite -->
</testng-results>
