<?xml version="1.0" encoding="UTF-8"?>
<testng-results skipped="0" failed="0" ignored="0" total="1" passed="1">
  <reporter-output>
  </reporter-output>
  <suite name="Default suite" duration-ms="7383" started-at="2023-02-23T14:53:54Z" finished-at="2023-02-23T14:54:02Z">
    <groups>
    </groups>
    <test name="Default test" duration-ms="7383" started-at="2023-02-23T14:53:54Z" finished-at="2023-02-23T14:54:02Z">
      <class name="testCases.Tc015_JavaScriptAlertsTest">
        <test-method status="PASS" signature="setup()[pri:0, instance:testCases.Tc015_JavaScriptAlertsTest@182859e]" name="setup" is-config="true" duration-ms="2707" started-at="2023-02-23T14:53:54Z" finished-at="2023-02-23T14:53:57Z">
          <reporter-output>
          </reporter-output>
        </test-method> <!-- setup -->
        <test-method status="PASS" signature="JavaScriptAlertsTest()[pri:0, instance:testCases.Tc015_JavaScriptAlertsTest@182859e]" name="JavaScriptAlertsTest" duration-ms="4653" started-at="2023-02-23T14:53:57Z" finished-at="2023-02-23T14:54:02Z">
          <reporter-output>
          </reporter-output>
        </test-method> <!-- JavaScriptAlertsTest -->
      </class> <!-- testCases.Tc015_JavaScriptAlertsTest -->
    </test> <!-- Default test -->
  </suite> <!-- Default suite -->
</testng-results>
